Change Component Comment : Designator=L5 Old Comment=22uH New Comment=0.96A/47uH
Change Component Comment : Designator=J4 Old Comment=10118194-0001LF New Comment=22-27-2021
Change component parameters: Designator = "L5"; Footprint = "IND_RLB0912"; UniqueID = "\LBXFVVRE"
Change component parameters. Clean all parameters for all variants
Change component parameters (AddParameter): Name = "MFR"; Value = "Bourns"; VariantName = "[No Variations]"
Change component parameters (AddParameter): Name = "MPN"; Value = "RLB0912-470KL"; VariantName = "[No Variations]"
Change component parameters (AddParameter): Name = "Price"; Value = "0.49"; VariantName = "[No Variations]"
Change component parameters (AddParameter): Name = "Supplier"; Value = "Mouser"; VariantName = "[No Variations]"
Change component parameters (AddParameter): Name = "Supplier Part Number"; Value = "652-RLB0912-470KL"; VariantName = "[No Variations]"
Change component parameters (AddParameter): Name = "Value"; Value = "0.96A/47uH"; VariantName = "[No Variations]"
Change component parameters: Designator = "J4"; Footprint = "HDRV2W64P254_1X2_580X508X1170P"; UniqueID = "\QCYTXOOA"
Change component parameters. Clean all parameters for all variants
Change component parameters (AddParameter): Name = "Availability"; Value = "Unavailable"; VariantName = "[No Variations]"
Change component parameters (AddParameter): Name = "MFR"; Value = "Molex"; VariantName = "[No Variations]"
Change component parameters (AddParameter): Name = "MPN"; Value = "22-27-2021"; VariantName = "[No Variations]"
Change component parameters (AddParameter): Name = "Package"; Value = "None"; VariantName = "[No Variations]"
Change component parameters (AddParameter): Name = "Price"; Value = "0.3"; VariantName = "[No Variations]"
Change component parameters (AddParameter): Name = "Value"; Value = "22-27-2021"; VariantName = "[No Variations]"
Added Component: Designator=C2(C1206)
Add component. Clean all parameters for all variants
Add component (AddParameter): Name = "Category"; Value = "Capacitor"; VariantName = "[No Variations]"
Add component (AddParameter): Name = "MFR"; Value = "Yageo"; VariantName = "[No Variations]"
Add component (AddParameter): Name = "MPN"; Value = "CC1206KKX7R8BB106"; VariantName = "[No Variations]"
Add component (AddParameter): Name = "Price"; Value = "0.44"; VariantName = "[No Variations]"
Add component (AddParameter): Name = "Tolerance"; Value = "+-10%"; VariantName = "[No Variations]"
Add component (AddParameter): Name = "Type"; Value = "X7R"; VariantName = "[No Variations]"
Add component (AddParameter): Name = "Value"; Value = "10u"; VariantName = "[No Variations]"
Add component (AddParameter): Name = "Voltage (V)"; Value = "50"; VariantName = "[No Variations]"
Added Component: Designator=C3(C0603)
Add component. Clean all parameters for all variants
Add component (AddParameter): Name = "Capacitor (Farad)"; Value = "1.0u"; VariantName = "[No Variations]"
Add component (AddParameter): Name = "Category"; Value = "Capacitor"; VariantName = "[No Variations]"
Add component (AddParameter): Name = "MFR"; Value = "Yageo"; VariantName = "[No Variations]"
Add component (AddParameter): Name = "MPN"; Value = "CC0603KRX7R9BB105"; VariantName = "[No Variations]"
Add component (AddParameter): Name = "Package / Case"; Value = "0603"; VariantName = "[No Variations]"
Add component (AddParameter): Name = "Part Number"; Value = "CAP_YAG_CC0603KRX7R9BB105_X7R"; VariantName = "[No Variations]"
Add component (AddParameter): Name = "Price"; Value = "0.1"; VariantName = "[No Variations]"
Add component (AddParameter): Name = "Thickness (mm)"; Value = "0.8"; VariantName = "[No Variations]"
Add component (AddParameter): Name = "Tolerance"; Value = "+-10%"; VariantName = "[No Variations]"
Add component (AddParameter): Name = "Type"; Value = "X7R"; VariantName = "[No Variations]"
Add component (AddParameter): Name = "Value"; Value = "1.0u"; VariantName = "[No Variations]"
Add component (AddParameter): Name = "Voltage (V)"; Value = "50"; VariantName = "[No Variations]"
Added Component: Designator=C4(C0603)
Add component. Clean all parameters for all variants
Add component (AddParameter): Name = "Capacitor (Farad)"; Value = "100n"; VariantName = "[No Variations]"
Add component (AddParameter): Name = "MFR"; Value = "Yageo"; VariantName = "[No Variations]"
Add component (AddParameter): Name = "MPN"; Value = "CC0603KRX7R9BB104"; VariantName = "[No Variations]"
Add component (AddParameter): Name = "Package / Case"; Value = "0603"; VariantName = "[No Variations]"
Add component (AddParameter): Name = "Part Number"; Value = "CAP_YAG_CC0603KRX7R9BB104_X7R"; VariantName = "[No Variations]"
Add component (AddParameter): Name = "Price"; Value = "0.1"; VariantName = "[No Variations]"
Add component (AddParameter): Name = "Thickness (mm)"; Value = "0.8"; VariantName = "[No Variations]"
Add component (AddParameter): Name = "Tolerance"; Value = "+-10%"; VariantName = "[No Variations]"
Add component (AddParameter): Name = "Type"; Value = "X7R"; VariantName = "[No Variations]"
Add component (AddParameter): Name = "Value"; Value = "100n"; VariantName = "[No Variations]"
Add component (AddParameter): Name = "Voltage (V)"; Value = "50"; VariantName = "[No Variations]"
Added Component: Designator=C6(C1206)
Add component. Clean all parameters for all variants
Add component (AddParameter): Name = "Category"; Value = "Capacitor"; VariantName = "[No Variations]"
Add component (AddParameter): Name = "MFR"; Value = "Yageo"; VariantName = "[No Variations]"
Add component (AddParameter): Name = "MPN"; Value = "CC1206KKX7R8BB106"; VariantName = "[No Variations]"
Add component (AddParameter): Name = "Price"; Value = "0.44"; VariantName = "[No Variations]"
Add component (AddParameter): Name = "Tolerance"; Value = "+-10%"; VariantName = "[No Variations]"
Add component (AddParameter): Name = "Type"; Value = "X7R"; VariantName = "[No Variations]"
Add component (AddParameter): Name = "Value"; Value = "10u"; VariantName = "[No Variations]"
Add component (AddParameter): Name = "Voltage (V)"; Value = "50"; VariantName = "[No Variations]"
Added Component: Designator=C7(C0603)
Add component. Clean all parameters for all variants
Add component (AddParameter): Name = "Capacitor (Farad)"; Value = "1.0u"; VariantName = "[No Variations]"
Add component (AddParameter): Name = "Category"; Value = "Capacitor"; VariantName = "[No Variations]"
Add component (AddParameter): Name = "MFR"; Value = "Yageo"; VariantName = "[No Variations]"
Add component (AddParameter): Name = "MPN"; Value = "CC0603KRX7R9BB105"; VariantName = "[No Variations]"
Add component (AddParameter): Name = "Package / Case"; Value = "0603"; VariantName = "[No Variations]"
Add component (AddParameter): Name = "Part Number"; Value = "CAP_YAG_CC0603KRX7R9BB105_X7R"; VariantName = "[No Variations]"
Add component (AddParameter): Name = "Price"; Value = "0.1"; VariantName = "[No Variations]"
Add component (AddParameter): Name = "Thickness (mm)"; Value = "0.8"; VariantName = "[No Variations]"
Add component (AddParameter): Name = "Tolerance"; Value = "+-10%"; VariantName = "[No Variations]"
Add component (AddParameter): Name = "Type"; Value = "X7R"; VariantName = "[No Variations]"
Add component (AddParameter): Name = "Value"; Value = "1.0u"; VariantName = "[No Variations]"
Add component (AddParameter): Name = "Voltage (V)"; Value = "50"; VariantName = "[No Variations]"
Added Component: Designator=C8(C0603)
Add component. Clean all parameters for all variants
Add component (AddParameter): Name = "Capacitor (Farad)"; Value = "100n"; VariantName = "[No Variations]"
Add component (AddParameter): Name = "MFR"; Value = "Yageo"; VariantName = "[No Variations]"
Add component (AddParameter): Name = "MPN"; Value = "CC0603KRX7R9BB104"; VariantName = "[No Variations]"
Add component (AddParameter): Name = "Package / Case"; Value = "0603"; VariantName = "[No Variations]"
Add component (AddParameter): Name = "Part Number"; Value = "CAP_YAG_CC0603KRX7R9BB104_X7R"; VariantName = "[No Variations]"
Add component (AddParameter): Name = "Price"; Value = "0.1"; VariantName = "[No Variations]"
Add component (AddParameter): Name = "Thickness (mm)"; Value = "0.8"; VariantName = "[No Variations]"
Add component (AddParameter): Name = "Tolerance"; Value = "+-10%"; VariantName = "[No Variations]"
Add component (AddParameter): Name = "Type"; Value = "X7R"; VariantName = "[No Variations]"
Add component (AddParameter): Name = "Value"; Value = "100n"; VariantName = "[No Variations]"
Add component (AddParameter): Name = "Voltage (V)"; Value = "50"; VariantName = "[No Variations]"
Added Component: Designator=C13(C1206)
Add component. Clean all parameters for all variants
Add component (AddParameter): Name = "Category"; Value = "Capacitor"; VariantName = "[No Variations]"
Add component (AddParameter): Name = "MFR"; Value = "Yageo"; VariantName = "[No Variations]"
Add component (AddParameter): Name = "MPN"; Value = "CC1206KKX7R8BB106"; VariantName = "[No Variations]"
Add component (AddParameter): Name = "Price"; Value = "0.44"; VariantName = "[No Variations]"
Add component (AddParameter): Name = "Tolerance"; Value = "+-10%"; VariantName = "[No Variations]"
Add component (AddParameter): Name = "Type"; Value = "X7R"; VariantName = "[No Variations]"
Add component (AddParameter): Name = "Value"; Value = "10u"; VariantName = "[No Variations]"
Add component (AddParameter): Name = "Voltage (V)"; Value = "50"; VariantName = "[No Variations]"
Added Component: Designator=C14(C0603)
Add component. Clean all parameters for all variants
Add component (AddParameter): Name = "Capacitor (Farad)"; Value = "1.0u"; VariantName = "[No Variations]"
Add component (AddParameter): Name = "Category"; Value = "Capacitor"; VariantName = "[No Variations]"
Add component (AddParameter): Name = "MFR"; Value = "Yageo"; VariantName = "[No Variations]"
Add component (AddParameter): Name = "MPN"; Value = "CC0603KRX7R9BB105"; VariantName = "[No Variations]"
Add component (AddParameter): Name = "Package / Case"; Value = "0603"; VariantName = "[No Variations]"
Add component (AddParameter): Name = "Part Number"; Value = "CAP_YAG_CC0603KRX7R9BB105_X7R"; VariantName = "[No Variations]"
Add component (AddParameter): Name = "Price"; Value = "0.1"; VariantName = "[No Variations]"
Add component (AddParameter): Name = "Thickness (mm)"; Value = "0.8"; VariantName = "[No Variations]"
Add component (AddParameter): Name = "Tolerance"; Value = "+-10%"; VariantName = "[No Variations]"
Add component (AddParameter): Name = "Type"; Value = "X7R"; VariantName = "[No Variations]"
Add component (AddParameter): Name = "Value"; Value = "1.0u"; VariantName = "[No Variations]"
Add component (AddParameter): Name = "Voltage (V)"; Value = "50"; VariantName = "[No Variations]"
Added Component: Designator=C15(C0603)
Add component. Clean all parameters for all variants
Add component (AddParameter): Name = "Capacitor (Farad)"; Value = "100n"; VariantName = "[No Variations]"
Add component (AddParameter): Name = "MFR"; Value = "Yageo"; VariantName = "[No Variations]"
Add component (AddParameter): Name = "MPN"; Value = "CC0603KRX7R9BB104"; VariantName = "[No Variations]"
Add component (AddParameter): Name = "Package / Case"; Value = "0603"; VariantName = "[No Variations]"
Add component (AddParameter): Name = "Part Number"; Value = "CAP_YAG_CC0603KRX7R9BB104_X7R"; VariantName = "[No Variations]"
Add component (AddParameter): Name = "Price"; Value = "0.1"; VariantName = "[No Variations]"
Add component (AddParameter): Name = "Thickness (mm)"; Value = "0.8"; VariantName = "[No Variations]"
Add component (AddParameter): Name = "Tolerance"; Value = "+-10%"; VariantName = "[No Variations]"
Add component (AddParameter): Name = "Type"; Value = "X7R"; VariantName = "[No Variations]"
Add component (AddParameter): Name = "Value"; Value = "100n"; VariantName = "[No Variations]"
Add component (AddParameter): Name = "Voltage (V)"; Value = "50"; VariantName = "[No Variations]"
Added Component: Designator=C18(C1206)
Add component. Clean all parameters for all variants
Add component (AddParameter): Name = "Category"; Value = "Capacitor"; VariantName = "[No Variations]"
Add component (AddParameter): Name = "MFR"; Value = "Yageo"; VariantName = "[No Variations]"
Add component (AddParameter): Name = "MPN"; Value = "CC1206KKX7R8BB106"; VariantName = "[No Variations]"
Add component (AddParameter): Name = "Price"; Value = "0.44"; VariantName = "[No Variations]"
Add component (AddParameter): Name = "Tolerance"; Value = "+-10%"; VariantName = "[No Variations]"
Add component (AddParameter): Name = "Type"; Value = "X7R"; VariantName = "[No Variations]"
Add component (AddParameter): Name = "Value"; Value = "10u"; VariantName = "[No Variations]"
Add component (AddParameter): Name = "Voltage (V)"; Value = "50"; VariantName = "[No Variations]"
Added Component: Designator=C19(C0603)
Add component. Clean all parameters for all variants
Add component (AddParameter): Name = "Capacitor (Farad)"; Value = "1.0u"; VariantName = "[No Variations]"
Add component (AddParameter): Name = "Category"; Value = "Capacitor"; VariantName = "[No Variations]"
Add component (AddParameter): Name = "MFR"; Value = "Yageo"; VariantName = "[No Variations]"
Add component (AddParameter): Name = "MPN"; Value = "CC0603KRX7R9BB105"; VariantName = "[No Variations]"
Add component (AddParameter): Name = "Package / Case"; Value = "0603"; VariantName = "[No Variations]"
Add component (AddParameter): Name = "Part Number"; Value = "CAP_YAG_CC0603KRX7R9BB105_X7R"; VariantName = "[No Variations]"
Add component (AddParameter): Name = "Price"; Value = "0.1"; VariantName = "[No Variations]"
Add component (AddParameter): Name = "Thickness (mm)"; Value = "0.8"; VariantName = "[No Variations]"
Add component (AddParameter): Name = "Tolerance"; Value = "+-10%"; VariantName = "[No Variations]"
Add component (AddParameter): Name = "Type"; Value = "X7R"; VariantName = "[No Variations]"
Add component (AddParameter): Name = "Value"; Value = "1.0u"; VariantName = "[No Variations]"
Add component (AddParameter): Name = "Voltage (V)"; Value = "50"; VariantName = "[No Variations]"
Added Component: Designator=C20(C0603)
Add component. Clean all parameters for all variants
Add component (AddParameter): Name = "Capacitor (Farad)"; Value = "100n"; VariantName = "[No Variations]"
Add component (AddParameter): Name = "MFR"; Value = "Yageo"; VariantName = "[No Variations]"
Add component (AddParameter): Name = "MPN"; Value = "CC0603KRX7R9BB104"; VariantName = "[No Variations]"
Add component (AddParameter): Name = "Package / Case"; Value = "0603"; VariantName = "[No Variations]"
Add component (AddParameter): Name = "Part Number"; Value = "CAP_YAG_CC0603KRX7R9BB104_X7R"; VariantName = "[No Variations]"
Add component (AddParameter): Name = "Price"; Value = "0.1"; VariantName = "[No Variations]"
Add component (AddParameter): Name = "Thickness (mm)"; Value = "0.8"; VariantName = "[No Variations]"
Add component (AddParameter): Name = "Tolerance"; Value = "+-10%"; VariantName = "[No Variations]"
Add component (AddParameter): Name = "Type"; Value = "X7R"; VariantName = "[No Variations]"
Add component (AddParameter): Name = "Value"; Value = "100n"; VariantName = "[No Variations]"
Add component (AddParameter): Name = "Voltage (V)"; Value = "50"; VariantName = "[No Variations]"
Added Component: Designator=C25(C1206)
Add component. Clean all parameters for all variants
Add component (AddParameter): Name = "Category"; Value = "Capacitor"; VariantName = "[No Variations]"
Add component (AddParameter): Name = "MFR"; Value = "Yageo"; VariantName = "[No Variations]"
Add component (AddParameter): Name = "MPN"; Value = "CC1206KKX7R8BB106"; VariantName = "[No Variations]"
Add component (AddParameter): Name = "Price"; Value = "0.44"; VariantName = "[No Variations]"
Add component (AddParameter): Name = "Tolerance"; Value = "+-10%"; VariantName = "[No Variations]"
Add component (AddParameter): Name = "Type"; Value = "X7R"; VariantName = "[No Variations]"
Add component (AddParameter): Name = "Value"; Value = "10u"; VariantName = "[No Variations]"
Add component (AddParameter): Name = "Voltage (V)"; Value = "50"; VariantName = "[No Variations]"
Added Component: Designator=C26(C0603)
Add component. Clean all parameters for all variants
Add component (AddParameter): Name = "Capacitor (Farad)"; Value = "1.0u"; VariantName = "[No Variations]"
Add component (AddParameter): Name = "Category"; Value = "Capacitor"; VariantName = "[No Variations]"
Add component (AddParameter): Name = "MFR"; Value = "Yageo"; VariantName = "[No Variations]"
Add component (AddParameter): Name = "MPN"; Value = "CC0603KRX7R9BB105"; VariantName = "[No Variations]"
Add component (AddParameter): Name = "Package / Case"; Value = "0603"; VariantName = "[No Variations]"
Add component (AddParameter): Name = "Part Number"; Value = "CAP_YAG_CC0603KRX7R9BB105_X7R"; VariantName = "[No Variations]"
Add component (AddParameter): Name = "Price"; Value = "0.1"; VariantName = "[No Variations]"
Add component (AddParameter): Name = "Thickness (mm)"; Value = "0.8"; VariantName = "[No Variations]"
Add component (AddParameter): Name = "Tolerance"; Value = "+-10%"; VariantName = "[No Variations]"
Add component (AddParameter): Name = "Type"; Value = "X7R"; VariantName = "[No Variations]"
Add component (AddParameter): Name = "Value"; Value = "1.0u"; VariantName = "[No Variations]"
Add component (AddParameter): Name = "Voltage (V)"; Value = "50"; VariantName = "[No Variations]"
Added Component: Designator=C27(C0603)
Add component. Clean all parameters for all variants
Add component (AddParameter): Name = "Capacitor (Farad)"; Value = "100n"; VariantName = "[No Variations]"
Add component (AddParameter): Name = "MFR"; Value = "Yageo"; VariantName = "[No Variations]"
Add component (AddParameter): Name = "MPN"; Value = "CC0603KRX7R9BB104"; VariantName = "[No Variations]"
Add component (AddParameter): Name = "Package / Case"; Value = "0603"; VariantName = "[No Variations]"
Add component (AddParameter): Name = "Part Number"; Value = "CAP_YAG_CC0603KRX7R9BB104_X7R"; VariantName = "[No Variations]"
Add component (AddParameter): Name = "Price"; Value = "0.1"; VariantName = "[No Variations]"
Add component (AddParameter): Name = "Thickness (mm)"; Value = "0.8"; VariantName = "[No Variations]"
Add component (AddParameter): Name = "Tolerance"; Value = "+-10%"; VariantName = "[No Variations]"
Add component (AddParameter): Name = "Type"; Value = "X7R"; VariantName = "[No Variations]"
Add component (AddParameter): Name = "Value"; Value = "100n"; VariantName = "[No Variations]"
Add component (AddParameter): Name = "Voltage (V)"; Value = "50"; VariantName = "[No Variations]"
Added Component: Designator=C30(C1206)
Add component. Clean all parameters for all variants
Add component (AddParameter): Name = "Category"; Value = "Capacitor"; VariantName = "[No Variations]"
Add component (AddParameter): Name = "MFR"; Value = "Yageo"; VariantName = "[No Variations]"
Add component (AddParameter): Name = "MPN"; Value = "CC1206KKX7R8BB106"; VariantName = "[No Variations]"
Add component (AddParameter): Name = "Price"; Value = "0.44"; VariantName = "[No Variations]"
Add component (AddParameter): Name = "Tolerance"; Value = "+-10%"; VariantName = "[No Variations]"
Add component (AddParameter): Name = "Type"; Value = "X7R"; VariantName = "[No Variations]"
Add component (AddParameter): Name = "Value"; Value = "10u"; VariantName = "[No Variations]"
Add component (AddParameter): Name = "Voltage (V)"; Value = "50"; VariantName = "[No Variations]"
Added Component: Designator=C31(C0603)
Add component. Clean all parameters for all variants
Add component (AddParameter): Name = "Capacitor (Farad)"; Value = "1.0u"; VariantName = "[No Variations]"
Add component (AddParameter): Name = "Category"; Value = "Capacitor"; VariantName = "[No Variations]"
Add component (AddParameter): Name = "MFR"; Value = "Yageo"; VariantName = "[No Variations]"
Add component (AddParameter): Name = "MPN"; Value = "CC0603KRX7R9BB105"; VariantName = "[No Variations]"
Add component (AddParameter): Name = "Package / Case"; Value = "0603"; VariantName = "[No Variations]"
Add component (AddParameter): Name = "Part Number"; Value = "CAP_YAG_CC0603KRX7R9BB105_X7R"; VariantName = "[No Variations]"
Add component (AddParameter): Name = "Price"; Value = "0.1"; VariantName = "[No Variations]"
Add component (AddParameter): Name = "Thickness (mm)"; Value = "0.8"; VariantName = "[No Variations]"
Add component (AddParameter): Name = "Tolerance"; Value = "+-10%"; VariantName = "[No Variations]"
Add component (AddParameter): Name = "Type"; Value = "X7R"; VariantName = "[No Variations]"
Add component (AddParameter): Name = "Value"; Value = "1.0u"; VariantName = "[No Variations]"
Add component (AddParameter): Name = "Voltage (V)"; Value = "50"; VariantName = "[No Variations]"
Added Component: Designator=C32(C0603)
Add component. Clean all parameters for all variants
Add component (AddParameter): Name = "Capacitor (Farad)"; Value = "100n"; VariantName = "[No Variations]"
Add component (AddParameter): Name = "MFR"; Value = "Yageo"; VariantName = "[No Variations]"
Add component (AddParameter): Name = "MPN"; Value = "CC0603KRX7R9BB104"; VariantName = "[No Variations]"
Add component (AddParameter): Name = "Package / Case"; Value = "0603"; VariantName = "[No Variations]"
Add component (AddParameter): Name = "Part Number"; Value = "CAP_YAG_CC0603KRX7R9BB104_X7R"; VariantName = "[No Variations]"
Add component (AddParameter): Name = "Price"; Value = "0.1"; VariantName = "[No Variations]"
Add component (AddParameter): Name = "Thickness (mm)"; Value = "0.8"; VariantName = "[No Variations]"
Add component (AddParameter): Name = "Tolerance"; Value = "+-10%"; VariantName = "[No Variations]"
Add component (AddParameter): Name = "Type"; Value = "X7R"; VariantName = "[No Variations]"
Add component (AddParameter): Name = "Value"; Value = "100n"; VariantName = "[No Variations]"
Add component (AddParameter): Name = "Voltage (V)"; Value = "50"; VariantName = "[No Variations]"
Added Component: Designator=J9(MOLEX_22-27-2031)
Add component. Clean all parameters for all variants
Add component (AddParameter): Name = "Availability"; Value = "Unavailable"; VariantName = "[No Variations]"
Add component (AddParameter): Name = "MFR"; Value = "Molex"; VariantName = "[No Variations]"
Add component (AddParameter): Name = "MPN"; Value = "22-27-2031"; VariantName = "[No Variations]"
Add component (AddParameter): Name = "Package"; Value = "TQFP-144 Molex"; VariantName = "[No Variations]"
Add component (AddParameter): Name = "Price"; Value = "0.43"; VariantName = "[No Variations]"
Add component (AddParameter): Name = "SnapEDA_Link"; Value = "https://www.snapeda.com/parts/22-27-2031/Molex/view-part/523256/?ref=snap"; VariantName = "[No Variations]"
Add component (AddParameter): Name = "Value"; Value = "22-27-2031"; VariantName = "[No Variations]"
Added Component: Designator=R1(R0603)
Add component. Clean all parameters for all variants
Add component (AddParameter): Name = "Category"; Value = "Resistor"; VariantName = "[No Variations]"
Add component (AddParameter): Name = "MFR"; Value = "Yageo"; VariantName = "[No Variations]"
Add component (AddParameter): Name = "MPN"; Value = "RC0603FR-0710KL"; VariantName = "[No Variations]"
Add component (AddParameter): Name = "Operating Temperature"; Value = "-55°C to +155°C"; VariantName = "[No Variations]"
Add component (AddParameter): Name = "Package / Case"; Value = "0603"; VariantName = "[No Variations]"
Add component (AddParameter): Name = "Part Number"; Value = "RES_YAG_RC0603FR-0710KL"; VariantName = "[No Variations]"
Add component (AddParameter): Name = "Power (Watts)"; Value = "0.1"; VariantName = "[No Variations]"
Add component (AddParameter): Name = "Price"; Value = "0.1"; VariantName = "[No Variations]"
Add component (AddParameter): Name = "Resistor (Ohms)"; Value = "10k"; VariantName = "[No Variations]"
Add component (AddParameter): Name = "Temperature Coefficient"; Value = "+-200ppm°C"; VariantName = "[No Variations]"
Add component (AddParameter): Name = "Thickness (mm)"; Value = "0.45"; VariantName = "[No Variations]"
Add component (AddParameter): Name = "Tolerance"; Value = "+-1%"; VariantName = "[No Variations]"
Add component (AddParameter): Name = "Value"; Value = "10k"; VariantName = "[No Variations]"
Add component (AddParameter): Name = "Voltage (V)"; Value = "75"; VariantName = "[No Variations]"
Added Component: Designator=R2(R0603)
Add component. Clean all parameters for all variants
Add component (AddParameter): Name = "Category"; Value = "Resistor"; VariantName = "[No Variations]"
Add component (AddParameter): Name = "MFR"; Value = "Yageo"; VariantName = "[No Variations]"
Add component (AddParameter): Name = "MPN"; Value = "RC0603FR-0710KL"; VariantName = "[No Variations]"
Add component (AddParameter): Name = "Operating Temperature"; Value = "-55°C to +155°C"; VariantName = "[No Variations]"
Add component (AddParameter): Name = "Package / Case"; Value = "0603"; VariantName = "[No Variations]"
Add component (AddParameter): Name = "Part Number"; Value = "RES_YAG_RC0603FR-0710KL"; VariantName = "[No Variations]"
Add component (AddParameter): Name = "Power (Watts)"; Value = "0.1"; VariantName = "[No Variations]"
Add component (AddParameter): Name = "Price"; Value = "0.1"; VariantName = "[No Variations]"
Add component (AddParameter): Name = "Resistor (Ohms)"; Value = "10k"; VariantName = "[No Variations]"
Add component (AddParameter): Name = "Temperature Coefficient"; Value = "+-200ppm°C"; VariantName = "[No Variations]"
Add component (AddParameter): Name = "Thickness (mm)"; Value = "0.45"; VariantName = "[No Variations]"
Add component (AddParameter): Name = "Tolerance"; Value = "+-1%"; VariantName = "[No Variations]"
Add component (AddParameter): Name = "Value"; Value = "10k"; VariantName = "[No Variations]"
Add component (AddParameter): Name = "Voltage (V)"; Value = "75"; VariantName = "[No Variations]"
Added Component: Designator=R3(R0603)
Add component. Clean all parameters for all variants
Add component (AddParameter): Name = "Category"; Value = "Resistor"; VariantName = "[No Variations]"
Add component (AddParameter): Name = "MFR"; Value = "Yageo"; VariantName = "[No Variations]"
Add component (AddParameter): Name = "MPN"; Value = "RC0603FR-07150RL"; VariantName = "[No Variations]"
Add component (AddParameter): Name = "Operating Temperature"; Value = "-55°C to +155°C"; VariantName = "[No Variations]"
Add component (AddParameter): Name = "Package / Case"; Value = "0603"; VariantName = "[No Variations]"
Add component (AddParameter): Name = "Part Number"; Value = "RES_YAG_RC0603FR-07150RL"; VariantName = "[No Variations]"
Add component (AddParameter): Name = "Power (Watts)"; Value = "0.1"; VariantName = "[No Variations]"
Add component (AddParameter): Name = "Price"; Value = "0.1"; VariantName = "[No Variations]"
Add component (AddParameter): Name = "Resistor (Ohms)"; Value = "150"; VariantName = "[No Variations]"
Add component (AddParameter): Name = "Temperature Coefficient"; Value = "+-200ppm°C"; VariantName = "[No Variations]"
Add component (AddParameter): Name = "Thickness (mm)"; Value = "0.45"; VariantName = "[No Variations]"
Add component (AddParameter): Name = "Tolerance"; Value = "+-1%"; VariantName = "[No Variations]"
Add component (AddParameter): Name = "Value"; Value = "150"; VariantName = "[No Variations]"
Add component (AddParameter): Name = "Voltage (V)"; Value = "75"; VariantName = "[No Variations]"
Added Component: Designator=R4(R0603)
Add component. Clean all parameters for all variants
Add component (AddParameter): Name = "Category"; Value = "Resistor"; VariantName = "[No Variations]"
Add component (AddParameter): Name = "MFR"; Value = "Yageo"; VariantName = "[No Variations]"
Add component (AddParameter): Name = "MPN"; Value = "RC0603FR-0710KL"; VariantName = "[No Variations]"
Add component (AddParameter): Name = "Operating Temperature"; Value = "-55°C to +155°C"; VariantName = "[No Variations]"
Add component (AddParameter): Name = "Package / Case"; Value = "0603"; VariantName = "[No Variations]"
Add component (AddParameter): Name = "Part Number"; Value = "RES_YAG_RC0603FR-0710KL"; VariantName = "[No Variations]"
Add component (AddParameter): Name = "Power (Watts)"; Value = "0.1"; VariantName = "[No Variations]"
Add component (AddParameter): Name = "Price"; Value = "0.1"; VariantName = "[No Variations]"
Add component (AddParameter): Name = "Resistor (Ohms)"; Value = "10k"; VariantName = "[No Variations]"
Add component (AddParameter): Name = "Temperature Coefficient"; Value = "+-200ppm°C"; VariantName = "[No Variations]"
Add component (AddParameter): Name = "Thickness (mm)"; Value = "0.45"; VariantName = "[No Variations]"
Add component (AddParameter): Name = "Tolerance"; Value = "+-1%"; VariantName = "[No Variations]"
Add component (AddParameter): Name = "Value"; Value = "10k"; VariantName = "[No Variations]"
Add component (AddParameter): Name = "Voltage (V)"; Value = "75"; VariantName = "[No Variations]"
Added Pin To Net: NetName=GND Pin=C2-1
Added Pin To Net: NetName=GND Pin=C3-1
Added Pin To Net: NetName=GND Pin=C4-1
Added Pin To Net: NetName=GND Pin=C6-1
Added Pin To Net: NetName=GND Pin=C7-1
Added Pin To Net: NetName=GND Pin=C8-1
Added Pin To Net: NetName=GND Pin=C18-1
Added Pin To Net: NetName=GND Pin=C19-1
Added Pin To Net: NetName=GND Pin=C20-1
Added Pin To Net: NetName=GND Pin=C30-1
Added Pin To Net: NetName=GND Pin=C31-1
Added Pin To Net: NetName=GND Pin=C32-1
Added Pin To Net: NetName=GND Pin=J4-2
Added Pin To Net: NetName=GND Pin=R4-1
Added Pin To Net: NetName=+5V_OUT Pin=C30-2
Added Pin To Net: NetName=+5V_OUT Pin=C31-2
Added Pin To Net: NetName=+5V_OUT Pin=C32-2
Added Net: Name=+5V_OUT
Added Pin To Net: NetName=+12V_OUT Pin=C18-2
Added Pin To Net: NetName=+12V_OUT Pin=C19-2
Added Pin To Net: NetName=+12V_OUT Pin=C20-2
Added Net: Name=+12V_OUT
Added Pin To Net: NetName=+15V_OUT Pin=C13-2
Added Pin To Net: NetName=+15V_OUT Pin=C14-2
Added Pin To Net: NetName=+15V_OUT Pin=C15-2
Added Pin To Net: NetName=+15V_OUT Pin=J9-1
Added Net: Name=+15V_OUT
Added Pin To Net: NetName=+24V_IN Pin=R1-2
Added Net: Name=+24V_IN
Added Net: Name=+24V_OUT_1
Added Pin To Net: NetName=+48V_OUT_1 Pin=C2-2
Added Pin To Net: NetName=+48V_OUT_1 Pin=C3-2
Added Pin To Net: NetName=+48V_OUT_1 Pin=C4-2
Added Net: Name=+48V_OUT_1
Added Pin To Net: NetName=+48V_OUT_2 Pin=C6-2
Added Pin To Net: NetName=+48V_OUT_2 Pin=C7-2
Added Pin To Net: NetName=+48V_OUT_2 Pin=C8-2
Added Pin To Net: NetName=+48V_OUT_2 Pin=J4-1
Added Net: Name=+48V_OUT_2
Added Pin To Net: NetName=-15V_OUT Pin=C25-1
Added Pin To Net: NetName=-15V_OUT Pin=C26-1
Added Pin To Net: NetName=-15V_OUT Pin=C27-1
Added Pin To Net: NetName=-15V_OUT Pin=J9-3
Added Pin To Net: NetName=-15V_OUT Pin=L5-1
Added Net: Name=-15V_OUT
Added Pin To Net: NetName=24V_On/Off Pin=R3-1
Added Net: Name=24V_On/Off
Added Net: Name=NetC10_1
Added Net: Name=NetC12_1
Added Pin To Net: NetName=NetC13_1 Pin=C13-1
Added Pin To Net: NetName=NetC13_1 Pin=C14-1
Added Pin To Net: NetName=NetC13_1 Pin=C15-1
Added Pin To Net: NetName=NetC13_1 Pin=C25-2
Added Pin To Net: NetName=NetC13_1 Pin=C26-2
Added Pin To Net: NetName=NetC13_1 Pin=C27-2
Added Pin To Net: NetName=NetC13_1 Pin=J9-2
Added Net: Name=NetC13_1
Added Net: Name=NetC16_1
Added Net: Name=NetC23_1
Added Pin To Net: NetName=NetC28_2 Pin=L5-2
Added Net: Name=NetC28_2
Added Net: Name=NetC34_1
Added Pin To Net: NetName=NetQ1_1 Pin=R1-1
Added Pin To Net: NetName=NetQ1_1 Pin=R2-2
Added Net: Name=NetQ1_1
Added Pin To Net: NetName=NetQ2_1 Pin=R3-2
Added Pin To Net: NetName=NetQ2_1 Pin=R4-2
Added Net: Name=NetQ2_1
Added Pin To Net: NetName=NetQ2_3 Pin=R2-1
Added Net: Name=NetQ2_3
Added Class: Name=PCB.PSU.DCDC.001.A1
Change Room Name: Old Name=Main New Name=PCB.PSU.DCDC.001.A1
Change Room Scope: Old Scope=InComponentClass('Main') New Scope=InComponentClass('PCB.PSU.DCDC.001.A1')
