Added Component: Designator=C1(CAP_EEU-FS1K101B)
Add component. Clean all parameters for all variants
Add component (AddParameter): Name = "MFR"; Value = "KEMET"; VariantName = "[No Variations]"
Add component (AddParameter): Name = "MPN"; Value = "EEU-FS1K101B"; VariantName = "[No Variations]"
Add component (AddParameter): Name = "Price"; Value = "0.68"; VariantName = "[No Variations]"
Add component (AddParameter): Name = "Value"; Value = "100uF/80V"; VariantName = "[No Variations]"
Added Component: Designator=C5(CAP_EEU-FS1K101B)
Add component. Clean all parameters for all variants
Add component (AddParameter): Name = "MFR"; Value = "KEMET"; VariantName = "[No Variations]"
Add component (AddParameter): Name = "MPN"; Value = "EEU-FS1K101B"; VariantName = "[No Variations]"
Add component (AddParameter): Name = "Price"; Value = "0.68"; VariantName = "[No Variations]"
Add component (AddParameter): Name = "Value"; Value = "100uF/80V"; VariantName = "[No Variations]"
Added Component: Designator=C9(CAP_ESL227M050AH8AA)
Add component. Clean all parameters for all variants
Add component (AddParameter): Name = "MFR"; Value = "KEMET"; VariantName = "[No Variations]"
Add component (AddParameter): Name = "MPN"; Value = "ESL227M050AH8AA"; VariantName = "[No Variations]"
Add component (AddParameter): Name = "Price"; Value = "0.68"; VariantName = "[No Variations]"
Add component (AddParameter): Name = "Value"; Value = "220uF/50V"; VariantName = "[No Variations]"
Added Component: Designator=C10(CAP_EEU-FS1K101B)
Add component. Clean all parameters for all variants
Add component (AddParameter): Name = "MFR"; Value = "KEMET"; VariantName = "[No Variations]"
Add component (AddParameter): Name = "MPN"; Value = "EEU-FS1K101B"; VariantName = "[No Variations]"
Add component (AddParameter): Name = "Price"; Value = "0.68"; VariantName = "[No Variations]"
Add component (AddParameter): Name = "Value"; Value = "100uF/80V"; VariantName = "[No Variations]"
Added Component: Designator=C11(CAP_ESL227M050AH8AA)
Add component. Clean all parameters for all variants
Add component (AddParameter): Name = "MFR"; Value = "KEMET"; VariantName = "[No Variations]"
Add component (AddParameter): Name = "MPN"; Value = "ESL227M050AH8AA"; VariantName = "[No Variations]"
Add component (AddParameter): Name = "Price"; Value = "0.68"; VariantName = "[No Variations]"
Add component (AddParameter): Name = "Value"; Value = "220uF/50V"; VariantName = "[No Variations]"
Added Component: Designator=C12(CAP_EEU-FS1K101B)
Add component. Clean all parameters for all variants
Add component (AddParameter): Name = "MFR"; Value = "KEMET"; VariantName = "[No Variations]"
Add component (AddParameter): Name = "MPN"; Value = "EEU-FS1K101B"; VariantName = "[No Variations]"
Add component (AddParameter): Name = "Price"; Value = "0.68"; VariantName = "[No Variations]"
Add component (AddParameter): Name = "Value"; Value = "100uF/80V"; VariantName = "[No Variations]"
Added Component: Designator=C16(CAP_ESL227M050AH8AA)
Add component. Clean all parameters for all variants
Add component (AddParameter): Name = "MFR"; Value = "KEMET"; VariantName = "[No Variations]"
Add component (AddParameter): Name = "MPN"; Value = "ESL227M050AH8AA"; VariantName = "[No Variations]"
Add component (AddParameter): Name = "Price"; Value = "0.68"; VariantName = "[No Variations]"
Add component (AddParameter): Name = "Value"; Value = "220uF/50V"; VariantName = "[No Variations]"
Added Component: Designator=C17(CAP_ESL227M050AH8AA)
Add component. Clean all parameters for all variants
Add component (AddParameter): Name = "MFR"; Value = "KEMET"; VariantName = "[No Variations]"
Add component (AddParameter): Name = "MPN"; Value = "ESL227M050AH8AA"; VariantName = "[No Variations]"
Add component (AddParameter): Name = "Price"; Value = "0.68"; VariantName = "[No Variations]"
Add component (AddParameter): Name = "Value"; Value = "220uF/50V"; VariantName = "[No Variations]"
Added Component: Designator=C21(CAP_ESL227M050AH8AA)
Add component. Clean all parameters for all variants
Add component (AddParameter): Name = "MFR"; Value = "KEMET"; VariantName = "[No Variations]"
Add component (AddParameter): Name = "MPN"; Value = "ESL227M050AH8AA"; VariantName = "[No Variations]"
Add component (AddParameter): Name = "Price"; Value = "0.68"; VariantName = "[No Variations]"
Add component (AddParameter): Name = "Value"; Value = "220uF/50V"; VariantName = "[No Variations]"
Added Component: Designator=C22(CAP_ESL227M050AH8AA)
Add component. Clean all parameters for all variants
Add component (AddParameter): Name = "MFR"; Value = "KEMET"; VariantName = "[No Variations]"
Add component (AddParameter): Name = "MPN"; Value = "ESL227M050AH8AA"; VariantName = "[No Variations]"
Add component (AddParameter): Name = "Price"; Value = "0.68"; VariantName = "[No Variations]"
Add component (AddParameter): Name = "Value"; Value = "220uF/50V"; VariantName = "[No Variations]"
Added Component: Designator=C23(CAP_ESL227M050AH8AA)
Add component. Clean all parameters for all variants
Add component (AddParameter): Name = "MFR"; Value = "KEMET"; VariantName = "[No Variations]"
Add component (AddParameter): Name = "MPN"; Value = "ESL227M050AH8AA"; VariantName = "[No Variations]"
Add component (AddParameter): Name = "Price"; Value = "0.68"; VariantName = "[No Variations]"
Add component (AddParameter): Name = "Value"; Value = "220uF/50V"; VariantName = "[No Variations]"
Added Component: Designator=C24(CAP_ESL227M050AH8AA)
Add component. Clean all parameters for all variants
Add component (AddParameter): Name = "MFR"; Value = "KEMET"; VariantName = "[No Variations]"
Add component (AddParameter): Name = "MPN"; Value = "ESL227M050AH8AA"; VariantName = "[No Variations]"
Add component (AddParameter): Name = "Price"; Value = "0.68"; VariantName = "[No Variations]"
Add component (AddParameter): Name = "Value"; Value = "220uF/50V"; VariantName = "[No Variations]"
Added Component: Designator=C28(CAP_ESL227M050AH8AA)
Add component. Clean all parameters for all variants
Add component (AddParameter): Name = "MFR"; Value = "KEMET"; VariantName = "[No Variations]"
Add component (AddParameter): Name = "MPN"; Value = "ESL227M050AH8AA"; VariantName = "[No Variations]"
Add component (AddParameter): Name = "Price"; Value = "0.68"; VariantName = "[No Variations]"
Add component (AddParameter): Name = "Value"; Value = "220uF/50V"; VariantName = "[No Variations]"
Added Component: Designator=C29(CAP_ESL227M050AH8AA)
Add component. Clean all parameters for all variants
Add component (AddParameter): Name = "MFR"; Value = "KEMET"; VariantName = "[No Variations]"
Add component (AddParameter): Name = "MPN"; Value = "ESL227M050AH8AA"; VariantName = "[No Variations]"
Add component (AddParameter): Name = "Price"; Value = "0.68"; VariantName = "[No Variations]"
Add component (AddParameter): Name = "Value"; Value = "220uF/50V"; VariantName = "[No Variations]"
Added Component: Designator=C33(CAP_ESL227M050AH8AA)
Add component. Clean all parameters for all variants
Add component (AddParameter): Name = "MFR"; Value = "KEMET"; VariantName = "[No Variations]"
Add component (AddParameter): Name = "MPN"; Value = "ESL227M050AH8AA"; VariantName = "[No Variations]"
Add component (AddParameter): Name = "Price"; Value = "0.68"; VariantName = "[No Variations]"
Add component (AddParameter): Name = "Value"; Value = "220uF/50V"; VariantName = "[No Variations]"
Added Component: Designator=C34(CAP_ESL227M050AH8AA)
Add component. Clean all parameters for all variants
Add component (AddParameter): Name = "MFR"; Value = "KEMET"; VariantName = "[No Variations]"
Add component (AddParameter): Name = "MPN"; Value = "ESL227M050AH8AA"; VariantName = "[No Variations]"
Add component (AddParameter): Name = "Price"; Value = "0.68"; VariantName = "[No Variations]"
Add component (AddParameter): Name = "Value"; Value = "220uF/50V"; VariantName = "[No Variations]"
Added Component: Designator=C35(CAP_ESL227M050AH8AA)
Add component. Clean all parameters for all variants
Add component (AddParameter): Name = "MFR"; Value = "KEMET"; VariantName = "[No Variations]"
Add component (AddParameter): Name = "MPN"; Value = "ESL227M050AH8AA"; VariantName = "[No Variations]"
Add component (AddParameter): Name = "Price"; Value = "0.68"; VariantName = "[No Variations]"
Add component (AddParameter): Name = "Value"; Value = "220uF/50V"; VariantName = "[No Variations]"
Added Component: Designator=L1(IND_RLB0912)
Add component. Clean all parameters for all variants
Add component (AddParameter): Name = "MFR"; Value = "Bourns"; VariantName = "[No Variations]"
Add component (AddParameter): Name = "MPN"; Value = "RLB0912-470KL"; VariantName = "[No Variations]"
Add component (AddParameter): Name = "Price"; Value = "0.49"; VariantName = "[No Variations]"
Add component (AddParameter): Name = "Supplier"; Value = "Mouser"; VariantName = "[No Variations]"
Add component (AddParameter): Name = "Supplier Part Number"; Value = "652-RLB0912-470KL"; VariantName = "[No Variations]"
Add component (AddParameter): Name = "Value"; Value = "0.96A/47uH"; VariantName = "[No Variations]"
Added Component: Designator=L2(IND_RLB0912)
Add component. Clean all parameters for all variants
Add component (AddParameter): Name = "MFR"; Value = "Bourns"; VariantName = "[No Variations]"
Add component (AddParameter): Name = "MPN"; Value = "RLB0912-470KL"; VariantName = "[No Variations]"
Add component (AddParameter): Name = "Price"; Value = "0.49"; VariantName = "[No Variations]"
Add component (AddParameter): Name = "Supplier"; Value = "Mouser"; VariantName = "[No Variations]"
Add component (AddParameter): Name = "Supplier Part Number"; Value = "652-RLB0912-470KL"; VariantName = "[No Variations]"
Add component (AddParameter): Name = "Value"; Value = "0.96A/47uH"; VariantName = "[No Variations]"
Added Component: Designator=L3(IND_RLB0912)
Add component. Clean all parameters for all variants
Add component (AddParameter): Name = "MFR"; Value = "Bourns"; VariantName = "[No Variations]"
Add component (AddParameter): Name = "MPN"; Value = "RLB0912-470KL"; VariantName = "[No Variations]"
Add component (AddParameter): Name = "Price"; Value = "0.49"; VariantName = "[No Variations]"
Add component (AddParameter): Name = "Supplier"; Value = "Mouser"; VariantName = "[No Variations]"
Add component (AddParameter): Name = "Supplier Part Number"; Value = "652-RLB0912-470KL"; VariantName = "[No Variations]"
Add component (AddParameter): Name = "Value"; Value = "0.96A/47uH"; VariantName = "[No Variations]"
Added Component: Designator=L4(IND_RLB0912)
Add component. Clean all parameters for all variants
Add component (AddParameter): Name = "MFR"; Value = "Bourns"; VariantName = "[No Variations]"
Add component (AddParameter): Name = "MPN"; Value = "RLB0912-470KL"; VariantName = "[No Variations]"
Add component (AddParameter): Name = "Price"; Value = "0.49"; VariantName = "[No Variations]"
Add component (AddParameter): Name = "Supplier"; Value = "Mouser"; VariantName = "[No Variations]"
Add component (AddParameter): Name = "Supplier Part Number"; Value = "652-RLB0912-470KL"; VariantName = "[No Variations]"
Add component (AddParameter): Name = "Value"; Value = "0.96A/47uH"; VariantName = "[No Variations]"
Added Component: Designator=L5(IND_RLB0912)
Add component. Clean all parameters for all variants
Add component (AddParameter): Name = "MFR"; Value = "Bourns"; VariantName = "[No Variations]"
Add component (AddParameter): Name = "MPN"; Value = "RLB0912-470KL"; VariantName = "[No Variations]"
Add component (AddParameter): Name = "Price"; Value = "0.49"; VariantName = "[No Variations]"
Add component (AddParameter): Name = "Supplier"; Value = "Mouser"; VariantName = "[No Variations]"
Add component (AddParameter): Name = "Supplier Part Number"; Value = "652-RLB0912-470KL"; VariantName = "[No Variations]"
Add component (AddParameter): Name = "Value"; Value = "0.96A/47uH"; VariantName = "[No Variations]"
Added Component: Designator=L6(IND_RLB0912)
Add component. Clean all parameters for all variants
Add component (AddParameter): Name = "MFR"; Value = "Bourns"; VariantName = "[No Variations]"
Add component (AddParameter): Name = "MPN"; Value = "RLB0912-470KL"; VariantName = "[No Variations]"
Add component (AddParameter): Name = "Price"; Value = "0.49"; VariantName = "[No Variations]"
Add component (AddParameter): Name = "Supplier"; Value = "Mouser"; VariantName = "[No Variations]"
Add component (AddParameter): Name = "Supplier Part Number"; Value = "652-RLB0912-470KL"; VariantName = "[No Variations]"
Add component (AddParameter): Name = "Value"; Value = "0.96A/47uH"; VariantName = "[No Variations]"
Added Component: Designator=PS1(CONV_TSR_1-2450E)
Add component. Clean all parameters for all variants
Add component (AddParameter): Name = "Availability"; Value = "In Stock"; VariantName = "[No Variations]"
Add component (AddParameter): Name = "Check_prices"; Value = "https://www.snapeda.com/parts/TSR%201-2450E/Traco%20Power/view-part/4817566/?ref=eda"; VariantName = "[No Variations]"
Add component (AddParameter): Name = "MFR"; Value = "Traco Power"; VariantName = "[No Variations]"
Add component (AddParameter): Name = "MPN"; Value = "TSR 1-2450E"; VariantName = "[No Variations]"
Add component (AddParameter): Name = "Package"; Value = "SIP-3 Traco Power"; VariantName = "[No Variations]"
Add component (AddParameter): Name = "Price"; Value = "3.92"; VariantName = "[No Variations]"
Add component (AddParameter): Name = "Purchase-URL"; Value = "https://pricing.snapeda.com/search/part/TSR 1-2450E/?ref=eda"; VariantName = "[No Variations]"
Add component (AddParameter): Name = "SnapEDA_Link"; Value = "https://www.snapeda.com/parts/TSR%201-2450E/Traco%20Power/view-part/4817566/?ref=snap"; VariantName = "[No Variations]"
Add component (AddParameter): Name = "Value"; Value = "TSR 1-2450E"; VariantName = "[No Variations]"
Added Component: Designator=Q1(TO-252-3)
Add component. Clean all parameters for all variants
Add component (AddParameter): Name = "MFR"; Value = "Vishay"; VariantName = "[No Variations]"
Add component (AddParameter): Name = "MPN"; Value = "SUD50P08-25L-BE3"; VariantName = "[No Variations]"
Add component (AddParameter): Name = "Price"; Value = "2.74"; VariantName = "[No Variations]"
Add component (AddParameter): Name = "Value"; Value = "SUD50P08-25L-BE3"; VariantName = "[No Variations]"
Added Component: Designator=Q2(SOT23-3N)
Add component. Clean all parameters for all variants
Add component (AddParameter): Name = "MFR"; Value = "Diodes Incorporated"; VariantName = "[No Variations]"
Add component (AddParameter): Name = "MPN"; Value = "2N7002-7-F"; VariantName = "[No Variations]"
Add component (AddParameter): Name = "Price"; Value = "0.2"; VariantName = "[No Variations]"
Add component (AddParameter): Name = "Value"; Value = "2N7002-7-F"; VariantName = "[No Variations]"
Added Component: Designator=U1(DKE10B-24)
Add component. Clean all parameters for all variants
Add component (AddParameter): Name = "MFR"; Value = "MEAN WELL"; VariantName = "[No Variations]"
Add component (AddParameter): Name = "MPN"; Value = "DKE10B-24"; VariantName = "[No Variations]"
Add component (AddParameter): Name = "Price"; Value = "22.3"; VariantName = "[No Variations]"
Add component (AddParameter): Name = "Value"; Value = "DKE10B-24"; VariantName = "[No Variations]"
Added Component: Designator=U2(DKE10B-24)
Add component. Clean all parameters for all variants
Add component (AddParameter): Name = "MFR"; Value = "MEAN WELL"; VariantName = "[No Variations]"
Add component (AddParameter): Name = "MPN"; Value = "DKE10B-24"; VariantName = "[No Variations]"
Add component (AddParameter): Name = "Price"; Value = "22.3"; VariantName = "[No Variations]"
Add component (AddParameter): Name = "Value"; Value = "DKE10B-24"; VariantName = "[No Variations]"
Added Component: Designator=U3(DPBW03F-15)
Add component. Clean all parameters for all variants
Add component (AddParameter): Name = "MFR"; Value = "MEAN WELL"; VariantName = "[No Variations]"
Add component (AddParameter): Name = "MPN"; Value = "DPBW03F-15"; VariantName = "[No Variations]"
Add component (AddParameter): Name = "Price"; Value = "10.8"; VariantName = "[No Variations]"
Add component (AddParameter): Name = "Value"; Value = "DPBW03F-15"; VariantName = "[No Variations]"
Added Component: Designator=U4(SPBW03F-12)
Add component. Clean all parameters for all variants
Add component (AddParameter): Name = "MFR"; Value = "MEAN WELL"; VariantName = "[No Variations]"
Add component (AddParameter): Name = "MPN"; Value = "SPBW03F-12"; VariantName = "[No Variations]"
Add component (AddParameter): Name = "Price"; Value = "10.8"; VariantName = "[No Variations]"
Add component (AddParameter): Name = "Value"; Value = "SPBW03F-12"; VariantName = "[No Variations]"
Added Pin To Net: NetName=+48V_OUT_1 Pin=C1-1
Added Pin To Net: NetName=GND Pin=C1-2
Added Pin To Net: NetName=+48V_OUT_2 Pin=C5-1
Added Pin To Net: NetName=GND Pin=C5-2
Added Pin To Net: NetName=+24V_IN Pin=C9-1
Added Pin To Net: NetName=GND Pin=C9-2
Added Pin To Net: NetName=NetC10_1 Pin=C10-1
Added Pin To Net: NetName=GND Pin=C10-2
Added Pin To Net: NetName=+24V_IN Pin=C11-1
Added Pin To Net: NetName=GND Pin=C11-2
Added Pin To Net: NetName=NetC12_1 Pin=C12-1
Added Pin To Net: NetName=GND Pin=C12-2
Added Pin To Net: NetName=NetC16_1 Pin=C16-1
Added Pin To Net: NetName=NetC13_1 Pin=C16-2
Added Pin To Net: NetName=+15V_OUT Pin=C17-1
Added Pin To Net: NetName=NetC13_1 Pin=C17-2
Added Pin To Net: NetName=+24V_IN Pin=C21-1
Added Pin To Net: NetName=GND Pin=C21-2
Added Pin To Net: NetName=+24V_IN Pin=C22-1
Added Pin To Net: NetName=GND Pin=C22-2
Added Pin To Net: NetName=NetC23_1 Pin=C23-1
Added Pin To Net: NetName=GND Pin=C23-2
Added Pin To Net: NetName=+12V_OUT Pin=C24-1
Added Pin To Net: NetName=GND Pin=C24-2
Added Pin To Net: NetName=NetC13_1 Pin=C28-1
Added Pin To Net: NetName=NetC28_2 Pin=C28-2
Added Pin To Net: NetName=NetC13_1 Pin=C29-1
Added Pin To Net: NetName=-15V_OUT Pin=C29-2
Added Pin To Net: NetName=+24V_IN Pin=C33-1
Added Pin To Net: NetName=GND Pin=C33-2
Added Pin To Net: NetName=NetC34_1 Pin=C34-1
Added Pin To Net: NetName=GND Pin=C34-2
Added Pin To Net: NetName=+5V_OUT Pin=C35-1
Added Pin To Net: NetName=GND Pin=C35-2
Added Pin To Net: NetName=NetC10_1 Pin=L1-1
Added Pin To Net: NetName=+48V_OUT_1 Pin=L1-2
Added Pin To Net: NetName=NetC12_1 Pin=L2-1
Added Pin To Net: NetName=+48V_OUT_2 Pin=L2-2
Added Pin To Net: NetName=NetC16_1 Pin=L3-1
Added Pin To Net: NetName=+15V_OUT Pin=L3-2
Added Pin To Net: NetName=NetC23_1 Pin=L4-1
Added Pin To Net: NetName=+12V_OUT Pin=L4-2
Added Pin To Net: NetName=-15V_OUT Pin=L5-1
Added Pin To Net: NetName=NetC28_2 Pin=L5-2
Added Pin To Net: NetName=NetC34_1 Pin=L6-1
Added Pin To Net: NetName=+5V_OUT Pin=L6-2
Added Pin To Net: NetName=+24V_IN Pin=PS1-1
Added Pin To Net: NetName=GND Pin=PS1-2
Added Pin To Net: NetName=NetC34_1 Pin=PS1-3
Added Pin To Net: NetName=NetQ1_1 Pin=Q1-1
Added Pin To Net: NetName=+24V_OUT_1 Pin=Q1-2
Added Pin To Net: NetName=+24V_IN Pin=Q1-3
Added Pin To Net: NetName=NetQ2_1 Pin=Q2-1
Added Pin To Net: NetName=GND Pin=Q2-2
Added Pin To Net: NetName=NetQ2_3 Pin=Q2-3
Added Pin To Net: NetName=+24V_IN Pin=U1-1
Added Pin To Net: NetName=GND Pin=U1-2
Added Pin To Net: NetName=NetC10_1 Pin=U1-3
Added Pin To Net: NetName=GND Pin=U1-5
Added Pin To Net: NetName=+24V_IN Pin=U2-1
Added Pin To Net: NetName=GND Pin=U2-2
Added Pin To Net: NetName=NetC12_1 Pin=U2-3
Added Pin To Net: NetName=GND Pin=U2-5
Added Pin To Net: NetName=GND Pin=U3-1
Added Pin To Net: NetName=+24V_IN Pin=U3-2
Added Pin To Net: NetName=NetC16_1 Pin=U3-6
Added Pin To Net: NetName=NetC13_1 Pin=U3-7
Added Pin To Net: NetName=NetC28_2 Pin=U3-8
Added Pin To Net: NetName=GND Pin=U4-1
Added Pin To Net: NetName=+24V_IN Pin=U4-2
Added Pin To Net: NetName=NetC23_1 Pin=U4-6
Added Pin To Net: NetName=GND Pin=U4-7
Added Member To Class: ClassName=PCB.PSU.DCDC.001.A1 Member=Component C1 100uF/80V
Added Member To Class: ClassName=PCB.PSU.DCDC.001.A1 Member=Component C5 100uF/80V
Added Member To Class: ClassName=PCB.PSU.DCDC.001.A1 Member=Component C9 220uF/50V
Added Member To Class: ClassName=PCB.PSU.DCDC.001.A1 Member=Component C10 100uF/80V
Added Member To Class: ClassName=PCB.PSU.DCDC.001.A1 Member=Component C11 220uF/50V
Added Member To Class: ClassName=PCB.PSU.DCDC.001.A1 Member=Component C12 100uF/80V
Added Member To Class: ClassName=PCB.PSU.DCDC.001.A1 Member=Component C16 220uF/50V
Added Member To Class: ClassName=PCB.PSU.DCDC.001.A1 Member=Component C17 220uF/50V
Added Member To Class: ClassName=PCB.PSU.DCDC.001.A1 Member=Component C21 220uF/50V
Added Member To Class: ClassName=PCB.PSU.DCDC.001.A1 Member=Component C22 220uF/50V
Added Member To Class: ClassName=PCB.PSU.DCDC.001.A1 Member=Component C23 220uF/50V
Added Member To Class: ClassName=PCB.PSU.DCDC.001.A1 Member=Component C24 220uF/50V
Added Member To Class: ClassName=PCB.PSU.DCDC.001.A1 Member=Component C28 220uF/50V
Added Member To Class: ClassName=PCB.PSU.DCDC.001.A1 Member=Component C29 220uF/50V
Added Member To Class: ClassName=PCB.PSU.DCDC.001.A1 Member=Component C33 220uF/50V
Added Member To Class: ClassName=PCB.PSU.DCDC.001.A1 Member=Component C34 220uF/50V
Added Member To Class: ClassName=PCB.PSU.DCDC.001.A1 Member=Component C35 220uF/50V
Added Member To Class: ClassName=PCB.PSU.DCDC.001.A1 Member=Component L1 0.96A/47uH
Added Member To Class: ClassName=PCB.PSU.DCDC.001.A1 Member=Component L2 0.96A/47uH
Added Member To Class: ClassName=PCB.PSU.DCDC.001.A1 Member=Component L3 0.96A/47uH
Added Member To Class: ClassName=PCB.PSU.DCDC.001.A1 Member=Component L4 0.96A/47uH
Added Member To Class: ClassName=PCB.PSU.DCDC.001.A1 Member=Component L5 0.96A/47uH
Added Member To Class: ClassName=PCB.PSU.DCDC.001.A1 Member=Component L6 0.96A/47uH
Added Member To Class: ClassName=PCB.PSU.DCDC.001.A1 Member=Component PS1 TSR 1-2450E
Added Member To Class: ClassName=PCB.PSU.DCDC.001.A1 Member=Component Q1 SUD50P08-25L-BE3
Added Member To Class: ClassName=PCB.PSU.DCDC.001.A1 Member=Component Q2 2N7002-7-F
Added Member To Class: ClassName=PCB.PSU.DCDC.001.A1 Member=Component U1 DKE10B-24
Added Member To Class: ClassName=PCB.PSU.DCDC.001.A1 Member=Component U2 DKE10B-24
Added Member To Class: ClassName=PCB.PSU.DCDC.001.A1 Member=Component U3 DPBW03F-15
Added Member To Class: ClassName=PCB.PSU.DCDC.001.A1 Member=Component U4 SPBW03F-12
